TN:
SF:app.js
FN:40,readJSON
FN:50,writeJSON
FN:56,authenticateToken
FN:66,(anonymous_3)
FN:74,(anonymous_4)
FN:81,(anonymous_5)
FN:86,(anonymous_6)
FN:91,(anonymous_7)
FN:101,(anonymous_8)
FN:105,(anonymous_9)
FN:112,(anonymous_10)
FN:115,(anonymous_11)
FN:121,(anonymous_12)
FN:126,(anonymous_13)
FN:131,(anonymous_14)
FN:135,(anonymous_15)
FN:147,(anonymous_16)
FN:151,(anonymous_17)
FN:152,(anonymous_18)
FN:157,(anonymous_19)
FN:158,(anonymous_20)
FN:165,(anonymous_21)
FN:166,(anonymous_22)
FN:174,(anonymous_23)
FN:178,(anonymous_24)
FN:192,(anonymous_25)
FN:204,(anonymous_26)
FN:207,(anonymous_27)
FN:218,(anonymous_28)
FN:222,(anonymous_29)
FN:228,(anonymous_30)
FNF:31
FNH:31
FNDA:33,readJSON
FNDA:9,writeJSON
FNDA:38,authenticateToken
FNDA:5,(anonymous_3)
FNDA:3,(anonymous_4)
FNDA:3,(anonymous_5)
FNDA:2,(anonymous_6)
FNDA:4,(anonymous_7)
FNDA:3,(anonymous_8)
FNDA:10,(anonymous_9)
FNDA:3,(anonymous_10)
FNDA:17,(anonymous_11)
FNDA:2,(anonymous_12)
FNDA:2,(anonymous_13)
FNDA:4,(anonymous_14)
FNDA:3,(anonymous_15)
FNDA:2,(anonymous_16)
FNDA:2,(anonymous_17)
FNDA:6,(anonymous_18)
FNDA:2,(anonymous_19)
FNDA:6,(anonymous_20)
FNDA:2,(anonymous_21)
FNDA:9,(anonymous_22)
FNDA:4,(anonymous_23)
FNDA:4,(anonymous_24)
FNDA:1,(anonymous_25)
FNDA:2,(anonymous_26)
FNDA:5,(anonymous_27)
FNDA:1,(anonymous_28)
FNDA:1,(anonymous_29)
FNDA:2,(anonymous_30)
DA:6,6
DA:7,6
DA:8,6
DA:10,6
DA:12,6
DA:13,6
DA:16,6
DA:25,6
DA:41,33
DA:42,33
DA:43,33
DA:44,22
DA:46,12
DA:51,9
DA:52,9
DA:57,38
DA:58,38
DA:59,35
DA:60,35
DA:62,3
DA:66,6
DA:67,5
DA:68,5
DA:69,1
DA:71,4
DA:74,6
DA:75,3
DA:76,3
DA:77,2
DA:81,6
DA:82,3
DA:83,3
DA:86,6
DA:87,2
DA:88,2
DA:91,6
DA:92,4
DA:93,4
DA:94,4
DA:95,4
DA:96,4
DA:97,4
DA:98,4
DA:101,6
DA:102,3
DA:103,3
DA:104,3
DA:105,10
DA:106,3
DA:107,1
DA:108,1
DA:109,1
DA:112,6
DA:113,3
DA:114,3
DA:115,17
DA:116,3
DA:117,3
DA:121,6
DA:122,2
DA:123,2
DA:126,6
DA:127,2
DA:128,2
DA:131,6
DA:132,4
DA:133,4
DA:134,4
DA:135,4
DA:137,4
DA:138,3
DA:141,1
DA:142,1
DA:143,1
DA:147,6
DA:148,2
DA:151,6
DA:152,6
DA:153,2
DA:154,1
DA:157,6
DA:158,6
DA:159,2
DA:161,1
DA:162,1
DA:165,6
DA:166,9
DA:167,2
DA:169,1
DA:170,1
DA:174,6
DA:175,4
DA:176,4
DA:178,4
DA:179,4
DA:180,4
DA:181,4
DA:183,4
DA:192,6
DA:193,1
DA:201,1
DA:204,6
DA:205,2
DA:207,5
DA:214,2
DA:218,6
DA:219,1
DA:222,6
DA:223,1
DA:224,1
DA:228,6
DA:229,2
LF:112
LH:112
BRDA:58,0,0,35
BRDA:58,0,1,3
BRDA:68,1,0,1
BRDA:68,1,1,4
BRDA:68,2,0,5
BRDA:68,2,1,2
BRDA:76,3,0,1
BRDA:76,3,1,2
BRDA:82,4,0,3
BRDA:82,4,1,1
BRDA:87,5,0,2
BRDA:87,5,1,1
BRDA:93,6,0,4
BRDA:93,6,1,1
BRDA:104,7,0,3
BRDA:104,7,1,1
BRDA:106,8,0,2
BRDA:106,8,1,1
BRDA:114,9,0,3
BRDA:114,9,1,1
BRDA:122,10,0,2
BRDA:122,10,1,1
BRDA:127,11,0,2
BRDA:127,11,1,1
BRDA:134,12,0,4
BRDA:134,12,1,2
BRDA:137,13,0,3
BRDA:137,13,1,1
BRDA:153,14,0,1
BRDA:153,14,1,1
BRDA:159,15,0,1
BRDA:159,15,1,1
BRDA:167,16,0,1
BRDA:167,16,1,1
BRDA:175,17,0,4
BRDA:175,17,1,1
BRDA:176,18,0,4
BRDA:176,18,1,1
BRDA:178,19,0,3
BRDA:178,19,1,1
BRDA:188,20,0,2
BRDA:188,20,1,2
BRDA:205,21,0,2
BRDA:205,21,1,1
BRF:44
BRH:44
end_of_record
