TN:
SF:src\components\Header.jsx
FN:39,SearchBar
FN:98,Header
FNF:2
FNH:2
FNDA:32,SearchBar
FNDA:32,Header
DA:1,1
DA:2,1
DA:22,1
DA:33,1
DA:34,1
DA:39,32
DA:40,32
DA:42,32
DA:43,32
DA:44,32
DA:45,32
DA:46,32
DA:47,32
DA:48,32
DA:49,32
DA:50,32
DA:51,32
DA:52,32
DA:53,32
DA:54,32
DA:55,32
DA:57,32
DA:58,32
DA:59,32
DA:60,32
DA:61,32
DA:62,32
DA:63,32
DA:64,32
DA:65,32
DA:67,32
DA:68,32
DA:70,32
DA:71,32
DA:72,32
DA:73,32
DA:74,32
DA:75,32
DA:76,32
DA:77,32
DA:78,32
DA:79,32
DA:80,32
DA:81,32
DA:82,32
DA:83,32
DA:84,32
DA:85,32
DA:86,32
DA:87,32
DA:88,32
DA:89,32
DA:90,32
DA:91,32
DA:93,32
DA:98,32
DA:99,32
DA:100,32
DA:101,32
DA:102,32
DA:104,32
DA:105,32
DA:107,32
DA:109,32
DA:110,32
DA:111,32
DA:112,32
DA:113,32
DA:115,32
DA:116,2
DA:117,32
DA:119,32
DA:120,16
DA:121,32
DA:123,32
DA:124,32
DA:125,2
DA:126,2
DA:127,1
DA:128,1
DA:129,2
DA:130,32
DA:131,32
DA:133,32
DA:134,32
DA:135,32
DA:136,32
DA:137,32
DA:138,32
DA:139,32
DA:141,32
DA:142,32
DA:143,32
DA:144,32
DA:145,32
DA:146,32
DA:147,32
DA:148,32
DA:149,32
DA:150,32
DA:153,32
DA:154,32
DA:155,4
DA:156,4
DA:157,4
DA:160,32
DA:161,32
DA:162,32
DA:163,32
DA:164,32
DA:165,32
DA:166,32
DA:167,32
DA:168,32
DA:169,32
DA:171,32
DA:172,32
DA:175,32
DA:176,28
DA:177,28
DA:178,84
DA:179,84
DA:180,84
DA:181,84
DA:182,84
DA:183,84
DA:185,84
DA:186,84
DA:187,28
DA:189,28
DA:190,28
DA:191,28
DA:192,28
DA:193,28
DA:194,28
DA:198,32
DA:199,32
DA:200,32
DA:201,32
DA:203,32
DA:204,32
DA:205,32
DA:206,32
DA:207,32
DA:208,32
DA:211,32
DA:212,4
DA:213,4
DA:214,4
DA:215,4
DA:216,4
DA:217,4
DA:218,4
DA:220,32
DA:221,32
DA:224,32
DA:225,32
DA:226,32
DA:227,32
DA:228,32
DA:229,32
DA:230,32
DA:231,32
DA:232,32
DA:234,32
DA:236,32
DA:237,32
DA:238,32
DA:239,32
DA:240,32
DA:242,32
DA:243,32
DA:244,96
DA:245,96
DA:246,96
DA:247,96
DA:248,96
DA:250,96
DA:251,96
DA:252,96
DA:253,32
DA:254,32
DA:256,32
DA:258,32
DA:259,32
DA:260,32
DA:261,32
DA:262,32
DA:263,32
DA:264,32
DA:265,32
DA:267,32
DA:269,1
LF:193
LH:193
BRDA:39,0,0,32
BRDA:98,1,0,32
BRDA:154,2,0,4
BRDA:164,3,0,4
BRDA:164,4,0,28
BRDA:175,5,0,28
BRDA:200,6,0,1
BRDA:200,7,0,31
BRDA:211,8,0,4
BRDA:260,9,0,1
BRDA:260,10,0,31
BRDA:115,11,0,2
BRDA:116,12,0,2
BRDA:119,13,0,16
BRDA:124,14,0,2
BRDA:126,15,0,1
BRDA:177,16,0,84
BRDA:243,17,0,96
BRF:18
BRH:18
end_of_record
TN:
SF:src\components\ProductCard.jsx
FN:19,ProductCard
FN:24,handleAddToCart
FN:30,handleToggleFavorite
FNF:3
FNH:3
FNDA:22,ProductCard
FNDA:1,handleAddToCart
FNDA:3,handleToggleFavorite
DA:1,1
DA:2,1
DA:3,1
DA:15,1
DA:16,1
DA:17,1
DA:19,22
DA:20,22
DA:21,22
DA:22,22
DA:24,22
DA:25,1
DA:26,1
DA:27,1
DA:28,1
DA:30,22
DA:31,3
DA:32,3
DA:33,3
DA:34,3
DA:36,22
DA:37,22
DA:38,22
DA:39,22
DA:41,22
DA:42,22
DA:43,22
DA:44,22
DA:45,22
DA:46,22
DA:47,22
DA:48,22
DA:49,22
DA:50,22
DA:51,22
DA:52,22
DA:53,22
DA:54,22
DA:55,22
DA:56,1
DA:57,21
DA:58,22
DA:59,22
DA:62,22
DA:63,22
DA:64,22
DA:65,22
DA:66,22
DA:67,22
DA:68,22
DA:69,22
DA:70,22
DA:71,22
DA:72,22
DA:73,22
DA:76,22
DA:77,22
DA:78,22
DA:79,22
DA:80,22
DA:81,22
DA:82,22
DA:83,22
DA:84,22
DA:85,22
DA:86,22
DA:87,22
DA:90,22
DA:91,22
DA:92,22
DA:93,22
DA:94,22
DA:95,22
DA:96,22
DA:97,22
DA:98,22
DA:99,22
DA:100,22
DA:101,22
DA:102,22
DA:103,22
DA:105,22
DA:106,2
DA:108,20
DA:110,22
DA:111,22
DA:114,22
DA:115,22
DA:116,22
DA:117,22
DA:118,22
DA:120,22
DA:121,22
DA:122,22
DA:123,22
DA:124,22
DA:125,22
DA:126,22
DA:127,22
DA:128,22
DA:129,22
DA:130,22
DA:131,22
DA:132,22
DA:133,22
DA:135,22
DA:136,22
DA:139,22
DA:140,22
DA:141,22
DA:143,22
DA:144,22
DA:147,22
DA:148,22
DA:149,22
DA:150,22
DA:151,22
DA:152,22
DA:153,22
DA:154,22
DA:155,22
DA:156,22
DA:157,22
DA:158,1
DA:159,1
DA:160,1
DA:161,1
DA:162,1
DA:163,1
DA:164,1
DA:165,1
DA:166,1
DA:168,22
DA:169,22
DA:172,22
DA:173,22
DA:174,22
DA:175,22
DA:176,22
DA:177,22
DA:178,22
DA:179,22
DA:180,22
DA:181,22
DA:182,22
DA:183,22
DA:184,22
DA:185,22
DA:186,22
DA:188,22
DA:189,22
DA:190,22
DA:192,22
DA:194,1
LF:154
LH:154
BRDA:19,0,0,22
BRDA:36,1,0,20
BRDA:36,2,0,2
BRDA:37,3,0,20
BRDA:37,4,0,2
BRDA:38,5,0,21
BRDA:38,6,0,1
BRDA:39,7,0,21
BRDA:39,8,0,1
BRDA:55,9,0,1
BRDA:56,10,0,21
BRDA:105,11,0,2
BRDA:106,12,0,20
BRDA:157,13,0,1
BRDA:24,14,0,1
BRDA:30,15,0,3
BRF:16
BRH:16
end_of_record
TN:
SF:src\context\CartContext.jsx
FN:5,CartProvider
FN:17,addToCart
FN:33,removeFromCart
FN:37,updateQuantity
FN:45,clearCart
FN:56,useCart
FNF:6
FNH:6
FNDA:60,CartProvider
FNDA:15,addToCart
FNDA:2,removeFromCart
FNDA:2,updateQuantity
FNDA:1,clearCart
FNDA:28,useCart
DA:1,1
DA:3,1
DA:5,1
DA:6,60
DA:7,43
DA:8,43
DA:9,31
DA:10,43
DA:11,60
DA:13,60
DA:14,60
DA:15,60
DA:17,60
DA:18,15
DA:19,15
DA:21,15
DA:22,2
DA:23,3
DA:24,2
DA:25,1
DA:26,2
DA:27,15
DA:28,13
DA:29,13
DA:30,15
DA:31,15
DA:33,60
DA:34,2
DA:35,2
DA:37,60
DA:38,2
DA:39,2
DA:40,3
DA:41,2
DA:42,2
DA:43,2
DA:45,60
DA:46,1
DA:47,1
DA:49,60
DA:50,60
DA:51,60
DA:52,60
DA:54,60
DA:56,1
LF:45
LH:45
BRDA:5,0,0,60
BRDA:6,1,0,43
BRDA:8,2,0,12
BRDA:8,3,0,41
BRDA:8,4,0,31
BRDA:10,5,0,30
BRDA:10,6,0,1
BRDA:13,7,0,60
BRDA:17,8,0,15
BRDA:18,9,0,15
BRDA:21,10,0,2
BRDA:27,11,0,13
BRDA:19,12,0,5
BRDA:22,13,0,3
BRDA:23,14,0,2
BRDA:24,15,0,1
BRDA:33,16,0,2
BRDA:34,17,0,2
BRDA:34,18,0,2
BRDA:37,19,0,2
BRDA:38,20,0,2
BRDA:39,21,0,3
BRDA:40,22,0,2
BRDA:40,23,0,1
BRDA:45,24,0,1
BRDA:56,25,0,28
BRF:26
BRH:26
end_of_record
